Arguments: 
  /Users/sintaro0221/.nodebrew/node/v16.0.0/bin/node /Users/sintaro0221/.nodebrew/current/bin/yarn build

PATH: 
  /usr/local/opt/coreutils/libexec/gnubin:/usr/local/opt/openjdk/bin:/Users/sintaro0221/.nodebrew/current/bin:/Users/sintaro0221/.pyenv/shims:/Users/sintaro0221/.pyenv/shims:/Users/sintaro0221/.pyenv/bin:/Applications/Sublime Text.app/Contents/SharedSupport/bin:/usr/local/bin:/usr/bin:/bin:/usr/sbin:/sbin:/Users/sintaro0221/.cargo/bin:/Users/sintaro0221/bin

Yarn version: 
  1.22.18

Node version: 
  16.0.0

Platform: 
  darwin x64

Trace: 
  SyntaxError: /Users/sintaro0221/Programing/TEST/dapps-protocol/web-app/package.json: Unexpected token } in JSON at position 398
      at JSON.parse (<anonymous>)
      at /Users/sintaro0221/.nodebrew/node/v16.0.0/lib/node_modules/yarn/lib/cli.js:1625:59
      at Generator.next (<anonymous>)
      at step (/Users/sintaro0221/.nodebrew/node/v16.0.0/lib/node_modules/yarn/lib/cli.js:310:30)
      at /Users/sintaro0221/.nodebrew/node/v16.0.0/lib/node_modules/yarn/lib/cli.js:321:13

npm manifest: 
  {
    "name": "remix-template-netlify",
    "private": true,
    "description": "",
    "license": "",
    "sideEffects": false,
    "scripts": {
      "build": "npm run build:css && remix build",
      "build:css": "tailwindcss -m -i ./styles/app.css -o app/styles/app.css",
      "dev": "concurrently \"npm run dev:css\" \"remix dev\"",
      "dev:css": "tailwindcss -w -i ./styles/app.css -o app/styles/app.css",
    },
    "dependencies": {
      "@netlify/functions": "^0.10.0",
      "@remix-run/netlify": "^1.4.1",
      "@remix-run/node": "^1.4.1",
      "@remix-run/react": "^1.4.1",
      "cross-env": "^7.0.3",
      "react": "^17.0.2",
      "react-dom": "^17.0.2"
    },
    "devDependencies": {
      "@remix-run/dev": "^1.4.1",
      "@remix-run/eslint-config": "^1.4.1",
      "@types/react": "^17.0.24",
      "@types/react-dom": "^17.0.9",
      "autoprefixer": "^10.4.5",
      "eslint": "^8.11.0",
      "postcss": "^8.4.12",
      "tailwindcss": "^3.0.24",
      "typescript": "^4.5.5"
    },
    "engines": {
      "node": ">=14"
    }
  }

yarn manifest: 
  No manifest

Lockfile: 
  No lockfile
